0 info it worked if it ends with ok
1 verbose cli [ 'E:\\nodejs\\\\node.exe',
1 verbose cli   'E:\\nodejs\\node_modules\\npm\\bin\\npm-cli.js',
1 verbose cli   'install' ]
2 info using npm@2.4.1
3 info using node@v0.10.36
4 verbose node symlink E:\nodejs\\node.exe
5 warn package.json movie@0.2.0 No README data
6 verbose install where, deps [ 'D:\\github\\project\\node\\movie',
6 verbose install   [ 'async',
6 verbose install     'bcrypt',
6 verbose install     'connect-mongo',
6 verbose install     'crypto',
6 verbose install     'express',
6 verbose install     'grunt',
6 verbose install     'grunt-concurrent',
6 verbose install     'grunt-contrib-jshint',
6 verbose install     'grunt-contrib-less',
6 verbose install     'grunt-contrib-uglify',
6 verbose install     'grunt-contrib-watch',
6 verbose install     'grunt-mocha-test',
6 verbose install     'grunt-nodemon',
6 verbose install     'jade',
6 verbose install     'latest',
6 verbose install     'moment',
6 verbose install     'mongoose',
6 verbose install     'underscore' ] ]
7 verbose install where, peers [ 'D:\\github\\project\\node\\movie', [] ]
8 info preinstall movie@0.2.0
9 warn package.json crypto@0.0.3 crypto is also the name of a node core module.
10 verbose already installed skipping underscore@~1.6.0 D:\github\project\node\movie
11 verbose already installed skipping async@~0.2.10 D:\github\project\node\movie
12 silly cache add args [ 'bcrypt@~0.7.8', null ]
13 verbose cache add spec bcrypt@~0.7.8
14 silly cache add parsed spec { raw: 'bcrypt@~0.7.8',
14 silly cache add   scope: null,
14 silly cache add   name: 'bcrypt',
14 silly cache add   rawSpec: '~0.7.8',
14 silly cache add   spec: '>=0.7.8 <0.8.0',
14 silly cache add   type: 'range' }
15 verbose addNamed bcrypt@>=0.7.8 <0.8.0
16 silly addNamed semver.valid null
17 silly addNamed semver.validRange >=0.7.8 <0.8.0
18 silly addNameRange { name: 'bcrypt', range: '>=0.7.8 <0.8.0', hasData: false }
19 silly mapToRegistry name bcrypt
20 silly mapToRegistry using default registry
21 silly mapToRegistry registry https://registry.npmjs.org/
22 silly mapToRegistry uri https://registry.npmjs.org/bcrypt
23 verbose addNameRange registry:https://registry.npmjs.org/bcrypt not in flight; fetching
24 verbose already installed skipping connect-mongo@~0.3.3 D:\github\project\node\movie
25 verbose already installed skipping crypto@~0.0.3 D:\github\project\node\movie
26 verbose already installed skipping express@~3.4.8 D:\github\project\node\movie
27 verbose already installed skipping grunt@~0.4.5 D:\github\project\node\movie
28 verbose already installed skipping grunt-concurrent@~0.4.3 D:\github\project\node\movie
29 verbose already installed skipping grunt-contrib-jshint@~0.10.0 D:\github\project\node\movie
30 verbose already installed skipping grunt-contrib-less@~0.11.4 D:\github\project\node\movie
31 verbose already installed skipping grunt-contrib-uglify@~0.5.1 D:\github\project\node\movie
32 verbose already installed skipping grunt-contrib-watch@~0.6.1 D:\github\project\node\movie
33 verbose already installed skipping grunt-mocha-test@~0.11.0 D:\github\project\node\movie
34 verbose already installed skipping grunt-nodemon@~0.1.2 D:\github\project\node\movie
35 verbose already installed skipping jade@~1.3.0 D:\github\project\node\movie
36 verbose request uri https://registry.npmjs.org/bcrypt
37 verbose request no auth needed
38 info attempt registry request try #1 at 14:28:15
39 verbose request id 65f69817c7bd7f8b
40 verbose etag "8IG9MNIU3TUU25XDM07N1LJTS"
41 http request GET https://registry.npmjs.org/bcrypt
42 verbose already installed skipping latest@~0.1.2 D:\github\project\node\movie
43 verbose already installed skipping moment@~2.5.1 D:\github\project\node\movie
44 verbose already installed skipping mongoose@~3.8.14 D:\github\project\node\movie
45 http 304 https://registry.npmjs.org/bcrypt
46 silly get cb [ 304,
46 silly get   { date: 'Tue, 21 Apr 2015 06:28:20 GMT',
46 silly get     server: 'Apache',
46 silly get     via: '1.1 varnish',
46 silly get     'last-modified': 'Tue, 21 Apr 2015 06:28:20 GMT',
46 silly get     'cache-control': 'max-age=60',
46 silly get     etag: '"8IG9MNIU3TUU25XDM07N1LJTS"',
46 silly get     age: '0',
46 silly get     'x-served-by': 'cache-nrt6126-NRT',
46 silly get     'x-cache': 'MISS',
46 silly get     'x-cache-hits': '0',
46 silly get     'x-timer': 'S1429597700.781130,VS0,VE100',
46 silly get     vary: 'Accept',
46 silly get     'content-length': '0',
46 silly get     'keep-alive': 'timeout=10, max=50',
46 silly get     connection: 'Keep-Alive' } ]
47 verbose etag https://registry.npmjs.org/bcrypt from cache
48 verbose get saving bcrypt to C:\Users\Administrator\AppData\Roaming\npm-cache\registry.npmjs.org\bcrypt\.cache.json
49 silly addNameRange number 2 { name: 'bcrypt', range: '>=0.7.8 <0.8.0', hasData: true }
50 silly addNameRange versions [ 'bcrypt',
50 silly addNameRange   [ '0.1.2',
50 silly addNameRange     '0.2.0',
50 silly addNameRange     '0.2.1',
50 silly addNameRange     '0.1.3',
50 silly addNameRange     '0.2.2',
50 silly addNameRange     '0.2.3',
50 silly addNameRange     '0.2.4',
50 silly addNameRange     '0.3.0',
50 silly addNameRange     '0.3.1',
50 silly addNameRange     '0.3.2',
50 silly addNameRange     '0.4.0',
50 silly addNameRange     '0.4.1',
50 silly addNameRange     '0.5.0',
50 silly addNameRange     '0.6.0',
50 silly addNameRange     '0.7.0',
50 silly addNameRange     '0.7.1',
50 silly addNameRange     '0.7.2',
50 silly addNameRange     '0.7.3',
50 silly addNameRange     '0.7.4',
50 silly addNameRange     '0.7.5',
50 silly addNameRange     '0.7.6',
50 silly addNameRange     '0.7.7',
50 silly addNameRange     '0.7.8',
50 silly addNameRange     '0.8.0',
50 silly addNameRange     '0.8.1',
50 silly addNameRange     '0.8.2' ] ]
51 verbose addNamed bcrypt@0.7.8
52 silly addNamed semver.valid 0.7.8
53 silly addNamed semver.validRange 0.7.8
54 silly cache afterAdd bcrypt@0.7.8
55 verbose afterAdd C:\Users\Administrator\AppData\Roaming\npm-cache\bcrypt\0.7.8\package\package.json not in flight; writing
56 verbose afterAdd C:\Users\Administrator\AppData\Roaming\npm-cache\bcrypt\0.7.8\package\package.json written
57 silly install resolved [ { name: 'bcrypt',
57 silly install resolved     description: 'A bcrypt library for NodeJS.',
57 silly install resolved     keywords:
57 silly install resolved      [ 'bcrypt',
57 silly install resolved        'password',
57 silly install resolved        'auth',
57 silly install resolved        'authentication',
57 silly install resolved        'encryption',
57 silly install resolved        'crypt',
57 silly install resolved        'crypto' ],
57 silly install resolved     main: './bcrypt',
57 silly install resolved     version: '0.7.8',
57 silly install resolved     author: { name: 'Nick Campbell', url: 'https://github.com/ncb000gt' },
57 silly install resolved     engines: { node: '>= 0.6.0' },
57 silly install resolved     repository:
57 silly install resolved      { type: 'git',
57 silly install resolved        url: 'https://github.com/ncb000gt/node.bcrypt.js.git' },
57 silly install resolved     licenses: [ [Object] ],
57 silly install resolved     bugs: { url: 'https://github.com/ncb000gt/node.bcrypt.js/issues' },
57 silly install resolved     scripts:
57 silly install resolved      { test: 'node-gyp configure build && nodeunit test',
57 silly install resolved        install: 'node-gyp rebuild' },
57 silly install resolved     dependencies: { bindings: '1.0.0' },
57 silly install resolved     devDependencies: { nodeunit: '>=0.6.4' },
57 silly install resolved     contributors:
57 silly install resolved      [ [Object],
57 silly install resolved        [Object],
57 silly install resolved        [Object],
57 silly install resolved        [Object],
57 silly install resolved        [Object],
57 silly install resolved        [Object],
57 silly install resolved        [Object],
57 silly install resolved        [Object],
57 silly install resolved        [Object],
57 silly install resolved        [Object],
57 silly install resolved        [Object],
57 silly install resolved        [Object],
57 silly install resolved        [Object],
57 silly install resolved        [Object] ],
57 silly install resolved     gypfile: true,
57 silly install resolved     homepage: 'https://github.com/ncb000gt/node.bcrypt.js',
57 silly install resolved     _id: 'bcrypt@0.7.8',
57 silly install resolved     dist:
57 silly install resolved      { shasum: '42c99aac202918e947b5bd086110184f62745e3e',
57 silly install resolved        tarball: 'http://registry.npmjs.org/bcrypt/-/bcrypt-0.7.8.tgz' },
57 silly install resolved     _from: 'bcrypt@>=0.7.8 <0.8.0',
57 silly install resolved     _npmVersion: '1.4.6',
57 silly install resolved     _npmUser: { name: 'shtylman', email: 'shtylman@gmail.com' },
57 silly install resolved     maintainers: [ [Object], [Object], [Object], [Object] ],
57 silly install resolved     directories: {},
57 silly install resolved     _shasum: '42c99aac202918e947b5bd086110184f62745e3e',
57 silly install resolved     _resolved: 'https://registry.npmjs.org/bcrypt/-/bcrypt-0.7.8.tgz',
57 silly install resolved     readme: 'ERROR: No README data found!' } ]
58 info install bcrypt@0.7.8 into D:\github\project\node\movie
59 info installOne bcrypt@0.7.8
60 verbose installOne of bcrypt to D:\github\project\node\movie not in flight; installing
61 verbose lock using C:\Users\Administrator\AppData\Roaming\npm-cache\_locks\bcrypt-4b2b01c2333b9d82.lock for D:\github\project\node\movie\node_modules\bcrypt
62 silly install write writing bcrypt 0.7.8 to D:\github\project\node\movie\node_modules\bcrypt
63 silly cache addNamed cb bcrypt@0.7.8
64 verbose unbuild node_modules\bcrypt
65 verbose gentlyRm vacuuming D:\github\project\node\movie\node_modules\bcrypt
66 verbose tar unpack C:\Users\Administrator\AppData\Roaming\npm-cache\bcrypt\0.7.8\package.tgz
67 verbose tar unpacking to D:\github\project\node\movie\node_modules\bcrypt
68 verbose gentlyRm vacuuming D:\github\project\node\movie\node_modules\bcrypt
69 silly gunzTarPerm modes [ '777', '666' ]
70 silly gunzTarPerm extractEntry package.json
71 silly gunzTarPerm modified mode [ 'package.json', 420, 438 ]
72 silly gunzTarPerm extractEntry .npmignore
73 silly gunzTarPerm modified mode [ '.npmignore', 420, 438 ]
74 silly gunzTarPerm extractEntry README.md
75 silly gunzTarPerm modified mode [ 'README.md', 420, 438 ]
76 silly gunzTarPerm extractEntry LICENSE
77 silly gunzTarPerm modified mode [ 'LICENSE', 420, 438 ]
78 silly gunzTarPerm extractEntry bcrypt.js
79 silly gunzTarPerm modified mode [ 'bcrypt.js', 420, 438 ]
80 silly gunzTarPerm extractEntry Makefile
81 silly gunzTarPerm modified mode [ 'Makefile', 420, 438 ]
82 silly gunzTarPerm extractEntry .travis.yml
83 silly gunzTarPerm modified mode [ '.travis.yml', 420, 438 ]
84 silly gunzTarPerm extractEntry binding.gyp
85 silly gunzTarPerm modified mode [ 'binding.gyp', 420, 438 ]
86 silly gunzTarPerm extractEntry examples/async_compare.js
87 silly gunzTarPerm modified mode [ 'examples/async_compare.js', 420, 438 ]
88 silly gunzTarPerm extractEntry examples/forever_gen_salt.js
89 silly gunzTarPerm modified mode [ 'examples/forever_gen_salt.js', 420, 438 ]
90 silly gunzTarPerm extractEntry CHANGELOG
91 silly gunzTarPerm modified mode [ 'CHANGELOG', 420, 438 ]
92 silly gunzTarPerm extractEntry src/bcrypt.cc
93 silly gunzTarPerm modified mode [ 'src/bcrypt.cc', 420, 438 ]
94 silly gunzTarPerm extractEntry src/bcrypt_node.cc
95 silly gunzTarPerm modified mode [ 'src/bcrypt_node.cc', 420, 438 ]
96 silly gunzTarPerm extractEntry src/blowfish.cc
97 silly gunzTarPerm modified mode [ 'src/blowfish.cc', 420, 438 ]
98 silly gunzTarPerm extractEntry src/node_blf.h
99 silly gunzTarPerm modified mode [ 'src/node_blf.h', 420, 438 ]
100 silly gunzTarPerm extractEntry test/async.js
101 silly gunzTarPerm modified mode [ 'test/async.js', 420, 438 ]
102 silly gunzTarPerm extractEntry test/repetitions.js
103 silly gunzTarPerm modified mode [ 'test/repetitions.js', 420, 438 ]
104 silly gunzTarPerm extractEntry test/sync.js
105 silly gunzTarPerm modified mode [ 'test/sync.js', 420, 438 ]
106 info preinstall bcrypt@0.7.8
107 silly prepareForInstallMany adding bindings@1.0.0 from bcrypt dependencies
108 silly cache add args [ 'bindings@1.0.0', null ]
109 verbose cache add spec bindings@1.0.0
110 silly cache add parsed spec { raw: 'bindings@1.0.0',
110 silly cache add   scope: null,
110 silly cache add   name: 'bindings',
110 silly cache add   rawSpec: '1.0.0',
110 silly cache add   spec: '1.0.0',
110 silly cache add   type: 'version' }
111 verbose addNamed bindings@1.0.0
112 silly addNamed semver.valid 1.0.0
113 silly addNamed semver.validRange 1.0.0
114 silly mapToRegistry name bindings
115 silly mapToRegistry using default registry
116 silly mapToRegistry registry https://registry.npmjs.org/
117 silly mapToRegistry uri https://registry.npmjs.org/bindings
118 verbose addNameVersion registry:https://registry.npmjs.org/bindings not in flight; fetching
119 verbose request uri https://registry.npmjs.org/bindings
120 verbose request no auth needed
121 info attempt registry request try #1 at 14:28:17
122 verbose etag "5997G8NY1OJEMZ1HNHL7VBX5J"
123 http request GET https://registry.npmjs.org/bindings
124 http 304 https://registry.npmjs.org/bindings
125 silly get cb [ 304,
125 silly get   { date: 'Tue, 21 Apr 2015 06:28:21 GMT',
125 silly get     server: 'Apache',
125 silly get     via: '1.1 varnish',
125 silly get     'last-modified': 'Tue, 21 Apr 2015 06:28:21 GMT',
125 silly get     'cache-control': 'max-age=60',
125 silly get     etag: '"5997G8NY1OJEMZ1HNHL7VBX5J"',
125 silly get     age: '47',
125 silly get     'x-served-by': 'cache-nrt6130-NRT',
125 silly get     'x-cache': 'HIT',
125 silly get     'x-cache-hits': '1',
125 silly get     'x-timer': 'S1429597701.446030,VS0,VE0',
125 silly get     vary: 'Accept',
125 silly get     'content-length': '0',
125 silly get     'keep-alive': 'timeout=10, max=50',
125 silly get     connection: 'Keep-Alive' } ]
126 verbose etag https://registry.npmjs.org/bindings from cache
127 verbose get saving bindings to C:\Users\Administrator\AppData\Roaming\npm-cache\registry.npmjs.org\bindings\.cache.json
128 silly cache afterAdd bindings@1.0.0
129 verbose afterAdd C:\Users\Administrator\AppData\Roaming\npm-cache\bindings\1.0.0\package\package.json not in flight; writing
130 verbose afterAdd C:\Users\Administrator\AppData\Roaming\npm-cache\bindings\1.0.0\package\package.json written
131 silly install resolved [ { name: 'bindings',
131 silly install resolved     description: 'Helper module for loading your native module\'s .node file',
131 silly install resolved     keywords: [ 'native', 'addon', 'bindings', 'gyp', 'waf', 'c', 'c++' ],
131 silly install resolved     version: '1.0.0',
131 silly install resolved     author:
131 silly install resolved      { name: 'Nathan Rajlich',
131 silly install resolved        email: 'nathan@tootallnate.net',
131 silly install resolved        url: 'http://tootallnate.net' },
131 silly install resolved     repository:
131 silly install resolved      { type: 'git',
131 silly install resolved        url: 'git://github.com/TooTallNate/node-bindings.git' },
131 silly install resolved     main: './bindings.js',
131 silly install resolved     _id: 'bindings@1.0.0',
131 silly install resolved     dist:
131 silly install resolved      { shasum: 'c3ccde60e9de6807c6f1aa4ef4843af29191c828',
131 silly install resolved        tarball: 'http://registry.npmjs.org/bindings/-/bindings-1.0.0.tgz' },
131 silly install resolved     maintainers: [ [Object], [Object] ],
131 silly install resolved     directories: {},
131 silly install resolved     _shasum: 'c3ccde60e9de6807c6f1aa4ef4843af29191c828',
131 silly install resolved     _resolved: 'https://registry.npmjs.org/bindings/-/bindings-1.0.0.tgz',
131 silly install resolved     _from: 'bindings@1.0.0',
131 silly install resolved     bugs: { url: 'https://github.com/TooTallNate/node-bindings/issues' },
131 silly install resolved     readme: 'ERROR: No README data found!',
131 silly install resolved     homepage: 'https://github.com/TooTallNate/node-bindings' } ]
132 info install bindings@1.0.0 into D:\github\project\node\movie\node_modules\bcrypt
133 info installOne bindings@1.0.0
134 verbose installOne of bindings to D:\github\project\node\movie\node_modules\bcrypt not in flight; installing
135 verbose lock using C:\Users\Administrator\AppData\Roaming\npm-cache\_locks\bindings-33b8366525b7aeb5.lock for D:\github\project\node\movie\node_modules\bcrypt\node_modules\bindings
136 silly install write writing bindings 1.0.0 to D:\github\project\node\movie\node_modules\bcrypt\node_modules\bindings
137 silly cache addNamed cb bindings@1.0.0
138 verbose unbuild node_modules\bcrypt\node_modules\bindings
139 verbose gentlyRm vacuuming D:\github\project\node\movie\node_modules\bcrypt\node_modules\bindings
140 verbose tar unpack C:\Users\Administrator\AppData\Roaming\npm-cache\bindings\1.0.0\package.tgz
141 verbose tar unpacking to D:\github\project\node\movie\node_modules\bcrypt\node_modules\bindings
142 verbose gentlyRm vacuuming D:\github\project\node\movie\node_modules\bcrypt\node_modules\bindings
143 silly gunzTarPerm modes [ '777', '666' ]
144 silly gunzTarPerm extractEntry package.json
145 silly gunzTarPerm modified mode [ 'package.json', 420, 438 ]
146 silly gunzTarPerm extractEntry README.md
147 silly gunzTarPerm modified mode [ 'README.md', 420, 438 ]
148 silly gunzTarPerm extractEntry bindings.js
149 silly gunzTarPerm modified mode [ 'bindings.js', 420, 438 ]
150 info preinstall bindings@1.0.0
151 silly install resolved []
152 verbose about to build D:\github\project\node\movie\node_modules\bcrypt\node_modules\bindings
153 info build D:\github\project\node\movie\node_modules\bcrypt\node_modules\bindings
154 verbose linkStuff [ false,
154 verbose linkStuff   false,
154 verbose linkStuff   false,
154 verbose linkStuff   'D:\\github\\project\\node\\movie\\node_modules\\bcrypt\\node_modules' ]
155 info linkStuff bindings@1.0.0
156 verbose linkBins bindings@1.0.0
157 verbose linkMans bindings@1.0.0
158 verbose rebuildBundles bindings@1.0.0
159 info install bindings@1.0.0
160 info postinstall bindings@1.0.0
161 verbose unlock done using C:\Users\Administrator\AppData\Roaming\npm-cache\_locks\bindings-33b8366525b7aeb5.lock for D:\github\project\node\movie\node_modules\bcrypt\node_modules\bindings
162 verbose about to build D:\github\project\node\movie\node_modules\bcrypt
163 info build D:\github\project\node\movie\node_modules\bcrypt
164 verbose linkStuff [ false,
164 verbose linkStuff   false,
164 verbose linkStuff   false,
164 verbose linkStuff   'D:\\github\\project\\node\\movie\\node_modules' ]
165 info linkStuff bcrypt@0.7.8
166 verbose linkBins bcrypt@0.7.8
167 verbose linkMans bcrypt@0.7.8
168 verbose rebuildBundles bcrypt@0.7.8
169 verbose rebuildBundles [ 'bindings' ]
170 info install bcrypt@0.7.8
171 verbose unsafe-perm in lifecycle true
172 info bcrypt@0.7.8 Failed to exec install script
173 verbose unlock done using C:\Users\Administrator\AppData\Roaming\npm-cache\_locks\bcrypt-4b2b01c2333b9d82.lock for D:\github\project\node\movie\node_modules\bcrypt
174 verbose stack Error: bcrypt@0.7.8 install: `node-gyp rebuild`
174 verbose stack Exit status 1
174 verbose stack     at EventEmitter.<anonymous> (E:\nodejs\node_modules\npm\lib\utils\lifecycle.js:213:16)
174 verbose stack     at EventEmitter.emit (events.js:98:17)
174 verbose stack     at ChildProcess.<anonymous> (E:\nodejs\node_modules\npm\lib\utils\spawn.js:14:12)
174 verbose stack     at ChildProcess.emit (events.js:98:17)
174 verbose stack     at maybeClose (child_process.js:766:16)
174 verbose stack     at Process.ChildProcess._handle.onexit (child_process.js:833:5)
175 verbose pkgid bcrypt@0.7.8
176 verbose cwd D:\github\project\node\movie
177 error Windows_NT 6.1.7601
178 error argv "E:\\nodejs\\\\node.exe" "E:\\nodejs\\node_modules\\npm\\bin\\npm-cli.js" "install"
179 error node v0.10.36
180 error npm  v2.4.1
181 error code ELIFECYCLE
182 error bcrypt@0.7.8 install: `node-gyp rebuild`
182 error Exit status 1
183 error Failed at the bcrypt@0.7.8 install script 'node-gyp rebuild'.
183 error This is most likely a problem with the bcrypt package,
183 error not with npm itself.
183 error Tell the author that this fails on your system:
183 error     node-gyp rebuild
183 error You can get their info via:
183 error     npm owner ls bcrypt
183 error There is likely additional logging output above.
184 verbose exit [ 1, true ]
185 verbose unbuild node_modules\bcrypt
186 info preuninstall bcrypt@0.7.8
187 info uninstall bcrypt@0.7.8
188 verbose unbuild rmStuff bcrypt@0.7.8 from D:\github\project\node\movie\node_modules
189 info postuninstall bcrypt@0.7.8
190 verbose gentlyRm vacuuming D:\github\project\node\movie\node_modules\bcrypt
191 silly gentlyRm purging D:\github\project\node\movie\node_modules\bcrypt
192 silly gentlyRm quitting because other entries in D:\github\project\node\movie\node_modules
