0 info it worked if it ends with ok
1 verbose cli [ 'E:\\nodejs\\\\node.exe',
1 verbose cli   'E:\\nodejs\\node_modules\\npm\\bin\\npm-cli.js',
1 verbose cli   'install' ]
2 info using npm@2.4.1
3 info using node@v0.10.36
4 verbose node symlink E:\nodejs\\node.exe
5 error install Couldn't read dependencies
6 verbose stack Error: ENOENT, open 'D:\github\project\node\connect\package.json'
7 verbose cwd D:\github\project\node\connect
8 error Windows_NT 6.1.7601
9 error argv "E:\\nodejs\\\\node.exe" "E:\\nodejs\\node_modules\\npm\\bin\\npm-cli.js" "install"
10 error node v0.10.36
11 error npm  v2.4.1
12 error path D:\github\project\node\connect\package.json
13 error code ENOPACKAGEJSON
14 error errno 34
15 error package.json ENOENT, open 'D:\github\project\node\connect\package.json'
15 error package.json This is most likely not a problem with npm itself.
15 error package.json npm can't find a package.json file in your current directory.
16 verbose exit [ 34, true ]
